MyFrame/build/outputs/logs/manifest-merger-debug-report.txt
-- Merging decision tree log ---
manifest
ADDED from MyFram\MyFrame\AndroidManifest.xml:2:1-123:12
	package
		ADDED from MyFram\MyFrame\AndroidManifest.xml:3:5-38
	android:versionName
		ADDED from MyFram\MyFrame\AndroidManifest.xml:5:5-30
		INJECTED from MyFram\MyFrame\AndroidManifest.xml
		INJECTED from MyFram\MyFrame\AndroidManifest.xml
	android:versionCode
		ADDED from MyFram\MyFrame\AndroidManifest.xml:4:5-28
		INJECTED from MyFram\MyFrame\AndroidManifest.xml
		INJECTED from MyFram\MyFrame\AndroidManifest.xml
	xmlns:android
		ADDED from MyFram\MyFrame\AndroidManifest.xml:2:11-69
uses-sdk
ADDED from MyFram\MyFrame\AndroidManifest.xml:7:5-9:41
MERGED from [MyFram:MyUtill:unspecified] AndroidManifest.xml:7:5-9:41
MERGED from [MyFram:DbProject:unspecified] AndroidManifest.xml:7:5-9:41
MERGED from [MyFram:third_library:unspecified] AndroidManifest.xml:5:5-7:41
	android:targetSdkVersion
		ADDED from MyFram\MyFrame\AndroidManifest.xml:9:9-38
	android:minSdkVersion
		ADDED from MyFram\MyFrame\AndroidManifest.xml:8:9-35
uses-feature#0x00020000
ADDED from MyFram\MyFrame\AndroidManifest.xml:11:5-13:35
	android:glEsVersion
		ADDED from MyFram\MyFrame\AndroidManifest.xml:12:9-41
	android:required
		ADDED from MyFram\MyFrame\AndroidManifest.xml:13:9-32
uses-feature#android.hardware.camera
ADDED from MyFram\MyFrame\AndroidManifest.xml:14:5-60
	android:name
		ADDED from MyFram\MyFrame\AndroidManifest.xml:14:19-57
uses-feature#android.hardware.camera.autofocus
ADDED from MyFram\MyFrame\AndroidManifest.xml:15:5-70
	android:name
		ADDED from MyFram\MyFrame\AndroidManifest.xml:15:19-67
uses-permission#com.fangming.myframwork.permission.JPUSH_MESSAGE
ADDED from MyFram\MyFrame\AndroidManifest.xml:17:5-88
	android:name
		ADDED from MyFram\MyFrame\AndroidManifest.xml:17:22-85
uses-permission#android.permission.CAMERA
ADDED from MyFram\MyFrame\AndroidManifest.xml:18:5-65
	android:name
		ADDED from MyFram\MyFrame\AndroidManifest.xml:18:22-62
uses-permission#android.permission.VIBRATE
ADDED from MyFram\MyFrame\AndroidManifest.xml:19:5-66
	android:name
		ADDED from MyFram\MyFrame\AndroidManifest.xml:19:22-63
uses-permission#android.permission.WRITE_EXTERNAL_STORAGE
ADDED from MyFram\MyFrame\AndroidManifest.xml:20:5-81
	android:name
		ADDED from MyFram\MyFrame\AndroidManifest.xml:20:22-78
uses-permission#android.permission.ACCESS_DOWNLOAD_MANAGER
ADDED from MyFram\MyFrame\AndroidManifest.xml:21:5-82
	android:name
		ADDED from MyFram\MyFrame\AndroidManifest.xml:21:22-79
uses-permission#android.permission.DISABLE_KEYGUARD
ADDED from MyFram\MyFrame\AndroidManifest.xml:22:5-75
	android:name
		ADDED from MyFram\MyFrame\AndroidManifest.xml:22:22-72
uses-permission#android.permission.ACCESS_WIFI_STATE
ADDED from MyFram\MyFrame\AndroidManifest.xml:23:5-76
	android:name
		ADDED from MyFram\MyFrame\AndroidManifest.xml:23:22-73
uses-permission#android.permission.MOUNT_UNMOUNT_FILESYSTEMS
ADDED from MyFram\MyFrame\AndroidManifest.xml:24:5-84
	android:name
		ADDED from MyFram\MyFrame\AndroidManifest.xml:24:22-81
uses-permission#android.permission.ACCESS_NETWORK_STATE
ADDED from MyFram\MyFrame\AndroidManifest.xml:25:5-79
	android:name
		ADDED from MyFram\MyFrame\AndroidManifest.xml:25:22-76
uses-permission#com.ajb.cloudhome.permission.JPUSH_MESSAGE
ADDED from MyFram\MyFrame\AndroidManifest.xml:26:5-82
	android:name
		ADDED from MyFram\MyFrame\AndroidManifest.xml:26:22-79
uses-permission#android.permission.INTERNET
ADDED from MyFram\MyFrame\AndroidManifest.xml:27:5-67
	android:name
		ADDED from MyFram\MyFrame\AndroidManifest.xml:27:22-64
uses-permission#android.permission.ACCESS_FINE_LOCATION
ADDED from MyFram\MyFrame\AndroidManifest.xml:28:5-79
	android:name
		ADDED from MyFram\MyFrame\AndroidManifest.xml:28:22-76
uses-permission#com.android.launcher.permission.READ_SETTINGS
ADDED from MyFram\MyFrame\AndroidManifest.xml:29:5-85
	android:name
		ADDED from MyFram\MyFrame\AndroidManifest.xml:29:22-82
uses-permission#android.permission.WAKE_LOCK
ADDED from MyFram\MyFrame\AndroidManifest.xml:30:5-68
	android:name
		ADDED from MyFram\MyFrame\AndroidManifest.xml:30:22-65
uses-permission#android.permission.CHANGE_WIFI_STATE
ADDED from MyFram\MyFrame\AndroidManifest.xml:31:5-76
	android:name
		ADDED from MyFram\MyFrame\AndroidManifest.xml:31:22-73
uses-permission#android.permission.BROADCAST_STICKY
ADDED from MyFram\MyFrame\AndroidManifest.xml:32:5-75
	android:name
		ADDED from MyFram\MyFrame\AndroidManifest.xml:32:22-72
uses-permission#android.permission.WRITE_SETTINGS
ADDED from MyFram\MyFrame\AndroidManifest.xml:33:5-73
	android:name
		ADDED from MyFram\MyFrame\AndroidManifest.xml:33:22-70
uses-permission#android.permission.PROCESS_OUTGOING_CALLS
ADDED from MyFram\MyFrame\AndroidManifest.xml:34:5-81
	android:name
		ADDED from MyFram\MyFrame\AndroidManifest.xml:34:22-78
uses-permission#android.permission.READ_PHONE_STATE
ADDED from MyFram\MyFrame\AndroidManifest.xml:35:5-75
	android:name
		ADDED from MyFram\MyFrame\AndroidManifest.xml:35:22-72
uses-permission#android.permission.MODIFY_AUDIO_SETTINGS
ADDED from MyFram\MyFrame\AndroidManifest.xml:36:5-80
	android:name
		ADDED from MyFram\MyFrame\AndroidManifest.xml:36:22-77
uses-permission#android.permission.RECEIVE_BOOT_COMPLETED
ADDED from MyFram\MyFrame\AndroidManifest.xml:37:5-81
	android:name
		ADDED from MyFram\MyFrame\AndroidManifest.xml:37:22-78
uses-permission#android.permission.RECEIVE_USER_PRESENT
ADDED from MyFram\MyFrame\AndroidManifest.xml:38:5-79
	android:name
		ADDED from MyFram\MyFrame\AndroidManifest.xml:38:22-76
uses-permission#android.permission.READ_EXTERNAL_STORAGE
ADDED from MyFram\MyFrame\AndroidManifest.xml:39:5-80
	android:name
		ADDED from MyFram\MyFrame\AndroidManifest.xml:39:22-77
uses-permission#android.permission.SYSTEM_ALERT_WINDOW
ADDED from MyFram\MyFrame\AndroidManifest.xml:42:5-78
	android:name
		ADDED from MyFram\MyFrame\AndroidManifest.xml:42:22-75
uses-permission#android.permission.ACCESS_COARSE_LOCATION
ADDED from MyFram\MyFrame\AndroidManifest.xml:43:5-81
	android:name
		ADDED from MyFram\MyFrame\AndroidManifest.xml:43:22-78
uses-permission#android.permission.ACCESS_LOCATION_EXTRA_COMMANDS
ADDED from MyFram\MyFrame\AndroidManifest.xml:44:5-89
	android:name
		ADDED from MyFram\MyFrame\AndroidManifest.xml:44:22-86
uses-permission#android.permission.CHANGE_NETWORK_STATE
ADDED from MyFram\MyFrame\AndroidManifest.xml:45:5-79
	android:name
		ADDED from MyFram\MyFrame\AndroidManifest.xml:45:22-76
uses-permission#android.permission.RECORD_VIDEO
ADDED from MyFram\MyFrame\AndroidManifest.xml:46:5-71
	android:name
		ADDED from MyFram\MyFrame\AndroidManifest.xml:46:22-68
uses-permission#android.permission.RECORD_AUDIO
ADDED from MyFram\MyFrame\AndroidManifest.xml:47:5-71
	android:name
		ADDED from MyFram\MyFrame\AndroidManifest.xml:47:22-68
application
ADDED from MyFram\MyFrame\AndroidManifest.xml:49:5-121:19
	android:label
		ADDED from MyFram\MyFrame\AndroidManifest.xml:52:9-41
	android:icon
		ADDED from MyFram\MyFrame\AndroidManifest.xml:51:9-45
	android:theme
		ADDED from MyFram\MyFrame\AndroidManifest.xml:53:9-44
	android:name
		ADDED from MyFram\MyFrame\AndroidManifest.xml:50:9-43
activity#com.fm.testmain.MainListActivity
ADDED from MyFram\MyFrame\AndroidManifest.xml:54:9-64:20
	android:screenOrientation
		ADDED from MyFram\MyFrame\AndroidManifest.xml:57:13-49
	android:label
		ADDED from MyFram\MyFrame\AndroidManifest.xml:56:13-45
	android:theme
		ADDED from MyFram\MyFrame\AndroidManifest.xml:58:13-60
	android:name
		ADDED from MyFram\MyFrame\AndroidManifest.xml:55:13-60
intent-filter#android.intent.action.MAIN+android.intent.category.LAUNCHER
ADDED from MyFram\MyFrame\AndroidManifest.xml:59:13-63:29
action#android.intent.action.MAIN
ADDED from MyFram\MyFrame\AndroidManifest.xml:60:17-69
	android:name
		ADDED from MyFram\MyFrame\AndroidManifest.xml:60:25-66
category#android.intent.category.LAUNCHER
ADDED from MyFram\MyFrame\AndroidManifest.xml:62:17-77
	android:name
		ADDED from MyFram\MyFrame\AndroidManifest.xml:62:27-74
activity#com.fm.test.TestBaseActivity
ADDED from MyFram\MyFrame\AndroidManifest.xml:67:9-72:20
	android:screenOrientation
		ADDED from MyFram\MyFrame\AndroidManifest.xml:69:13-49
	android:windowSoftInputMode
		ADDED from MyFram\MyFrame\AndroidManifest.xml:71:13-52
	android:theme
		ADDED from MyFram\MyFrame\AndroidManifest.xml:70:13-60
	android:name
		ADDED from MyFram\MyFrame\AndroidManifest.xml:68:13-56
activity#com.fangming.testffmpeg.TestffmpegActivity3
ADDED from MyFram\MyFrame\AndroidManifest.xml:73:9-78:20
	android:screenOrientation
		ADDED from MyFram\MyFrame\AndroidManifest.xml:75:13-49
	android:windowSoftInputMode
		ADDED from MyFram\MyFrame\AndroidManifest.xml:77:13-52
	android:theme
		ADDED from MyFram\MyFrame\AndroidManifest.xml:76:13-60
	android:name
		ADDED from MyFram\MyFrame\AndroidManifest.xml:74:13-71
activity#com.fangming.testffmpeg.TestffmpegActivity4
ADDED from MyFram\MyFrame\AndroidManifest.xml:79:9-84:20
	android:screenOrientation
		ADDED from MyFram\MyFrame\AndroidManifest.xml:81:13-49
	android:windowSoftInputMode
		ADDED from MyFram\MyFrame\AndroidManifest.xml:83:13-52
	android:theme
		ADDED from MyFram\MyFrame\AndroidManifest.xml:82:13-60
	android:name
		ADDED from MyFram\MyFrame\AndroidManifest.xml:80:13-71
activity#com.fm.test.TestNotifacationActivity2
ADDED from MyFram\MyFrame\AndroidManifest.xml:85:9-90:20
	android:screenOrientation
		ADDED from MyFram\MyFrame\AndroidManifest.xml:87:13-49
	android:windowSoftInputMode
		ADDED from MyFram\MyFrame\AndroidManifest.xml:89:13-52
	android:theme
		ADDED from MyFram\MyFrame\AndroidManifest.xml:88:13-60
	android:name
		ADDED from MyFram\MyFrame\AndroidManifest.xml:86:13-65
activity#com.fm.test.TestImmersionActivity
ADDED from MyFram\MyFrame\AndroidManifest.xml:92:9-97:20
	android:screenOrientation
		ADDED from MyFram\MyFrame\AndroidManifest.xml:94:13-49
	android:windowSoftInputMode
		ADDED from MyFram\MyFrame\AndroidManifest.xml:96:13-52
	android:theme
		ADDED from MyFram\MyFrame\AndroidManifest.xml:95:13-60
	android:name
		ADDED from MyFram\MyFrame\AndroidManifest.xml:93:13-61
activity#com.fm.test.SecondActivity
ADDED from MyFram\MyFrame\AndroidManifest.xml:99:9-104:20
	android:screenOrientation
		ADDED from MyFram\MyFrame\AndroidManifest.xml:101:13-49
	android:windowSoftInputMode
		ADDED from MyFram\MyFrame\AndroidManifest.xml:103:13-52
	android:theme
		ADDED from MyFram\MyFrame\AndroidManifest.xml:102:13-60
	android:name
		ADDED from MyFram\MyFrame\AndroidManifest.xml:100:13-54
activity#com.fm.test.ActivityA
ADDED from MyFram\MyFrame\AndroidManifest.xml:106:9-111:20
	android:screenOrientation
		ADDED from MyFram\MyFrame\AndroidManifest.xml:108:13-49
	android:windowSoftInputMode
		ADDED from MyFram\MyFrame\AndroidManifest.xml:110:13-52
	android:theme
		ADDED from MyFram\MyFrame\AndroidManifest.xml:109:13-60
	android:name
		ADDED from MyFram\MyFrame\AndroidManifest.xml:107:13-49
activity#com.fm.test.ActivityB
ADDED from MyFram\MyFrame\AndroidManifest.xml:112:9-117:20
	android:screenOrientation
		ADDED from MyFram\MyFrame\AndroidManifest.xml:114:13-49
	android:windowSoftInputMode
		ADDED from MyFram\MyFrame\AndroidManifest.xml:116:13-52
	android:theme
		ADDED from MyFram\MyFrame\AndroidManifest.xml:115:13-60
	android:name
		ADDED from MyFram\MyFrame\AndroidManifest.xml:113:13-49
service#com.fm.service.ConnService
ADDED from MyFram\MyFrame\AndroidManifest.xml:119:9-120:19
	android:name
		ADDED from MyFram\MyFrame\AndroidManifest.xml:119:18-59